# JRE version: Java(TM) SE Runtime Environment (17.0.12+8) (build 17.0.12+8-LTS-286)
# Java VM: Java HotSpot(TM) 64-Bit Server VM (17.0.12+8-LTS-286, mixed mode, sharing, tiered, compressed oops, compressed class ptrs, g1 gc, windows-amd64)
GC Precious Log:
 CPUs: 4 total, 4 available
 Memory: 8076M
 Large Page Support: Disabled
 NUMA Support: Disabled
 Compressed Oops: Enabled (32-bit)
 Heap Region Size: 1M
 Heap Min Capacity: 8M
 Heap Initial Capacity: 128M
 Heap Max Capacity: 2020M
 Pre-touch: Disabled
 Parallel Workers: 4
 Concurrent Workers: 1
 Concurrent Refinement Workers: 4
 Periodic GC: Disabled
Heap:
 garbage-first heap   total 61440K, used 36253K [0x0000000081c00000, 0x0000000100000000)
  region size 1024K, 9 young (9216K), 2 survivors (2048K)
 Metaspace       used 67719K, committed 68288K, reserved 1114112K
  class space    used 9383K, committed 9664K, reserved 1048576K
GC Heap History (20 events):
Event: 4.089 GC heap before
{Heap before GC invocations=9 (full 0):
 garbage-first heap   total 51200K, used 27873K [0x0000000081c00000, 0x0000000100000000)
  region size 1024K, 10 young (10240K), 2 survivors (2048K)
 Metaspace       used 35655K, committed 35968K, reserved 1114112K
  class space    used 4706K, committed 4864K, reserved 1048576K
}
Event: 4.091 GC heap after
{Heap after GC invocations=10 (full 0):
 garbage-first heap   total 51200K, used 21021K [0x0000000081c00000, 0x0000000100000000)
  region size 1024K, 2 young (2048K), 2 survivors (2048K)
 Metaspace       used 35655K, committed 35968K, reserved 1114112K
  class space    used 4706K, committed 4864K, reserved 1048576K
}
Event: 4.659 GC heap before
{Heap before GC invocations=11 (full 0):
 garbage-first heap   total 51200K, used 38429K [0x0000000081c00000, 0x0000000100000000)
  region size 1024K, 20 young (20480K), 2 survivors (2048K)
 Metaspace       used 40744K, committed 41216K, reserved 1114112K
  class space    used 5477K, committed 5696K, reserved 1048576K
}
Event: 4.664 GC heap after
{Heap after GC invocations=12 (full 0):
 garbage-first heap   total 51200K, used 22156K [0x0000000081c00000, 0x0000000100000000)
  region size 1024K, 3 young (3072K), 3 survivors (3072K)
 Metaspace       used 40744K, committed 41216K, reserved 1114112K
  class space    used 5477K, committed 5696K, reserved 1048576K
}
Event: 5.045 GC heap before
{Heap before GC invocations=13 (full 0):
 garbage-first heap   total 51200K, used 38540K [0x0000000081c00000, 0x0000000100000000)
  region size 1024K, 20 young (20480K), 3 survivors (3072K)
 Metaspace       used 44484K, committed 44928K, reserved 1114112K
  class space    used 5997K, committed 6208K, reserved 1048576K
}
Event: 5.049 GC heap after
{Heap after GC invocations=14 (full 0):
 garbage-first heap   total 51200K, used 23358K [0x0000000081c00000, 0x0000000100000000)
  region size 1024K, 3 young (3072K), 3 survivors (3072K)
 Metaspace       used 44484K, committed 44928K, reserved 1114112K
  class space    used 5997K, committed 6208K, reserved 1048576K
}
Event: 5.450 GC heap before
{Heap before GC invocations=14 (full 0):
 garbage-first heap   total 51200K, used 38718K [0x0000000081c00000, 0x0000000100000000)
  region size 1024K, 19 young (19456K), 3 survivors (3072K)
 Metaspace       used 49971K, committed 50368K, reserved 1114112K
  class space    used 6778K, committed 6976K, reserved 1048576K
}
Event: 5.453 GC heap after
{Heap after GC invocations=15 (full 0):
 garbage-first heap   total 51200K, used 24052K [0x0000000081c00000, 0x0000000100000000)
  region size 1024K, 2 young (2048K), 2 survivors (2048K)
 Metaspace       used 49971K, committed 50368K, reserved 1114112K
  class space    used 6778K, committed 6976K, reserved 1048576K
}
Event: 5.910 GC heap before
{Heap before GC invocations=15 (full 0):
 garbage-first heap   total 51200K, used 40436K [0x0000000081c00000, 0x0000000100000000)
  region size 1024K, 19 young (19456K), 2 survivors (2048K)
 Metaspace       used 53809K, committed 54272K, reserved 1114112K
  class space    used 7461K, committed 7680K, reserved 1048576K
}
Event: 5.913 GC heap after
{Heap after GC invocations=16 (full 0):
 garbage-first heap   total 51200K, used 24849K [0x0000000081c00000, 0x0000000100000000)
  region size 1024K, 2 young (2048K), 2 survivors (2048K)
 Metaspace       used 53809K, committed 54272K, reserved 1114112K
  class space    used 7461K, committed 7680K, reserved 1048576K
}
Event: 6.233 GC heap before
{Heap before GC invocations=16 (full 0):
 garbage-first heap   total 51200K, used 41233K [0x0000000081c00000, 0x0000000100000000)
  region size 1024K, 18 young (18432K), 2 survivors (2048K)
 Metaspace       used 57303K, committed 57856K, reserved 1114112K
  class space    used 7881K, committed 8128K, reserved 1048576K
}
Event: 6.238 GC heap after
{Heap after GC invocations=17 (full 0):
 garbage-first heap   total 51200K, used 26306K [0x0000000081c00000, 0x0000000100000000)
  region size 1024K, 3 young (3072K), 3 survivors (3072K)
 Metaspace       used 57303K, committed 57856K, reserved 1114112K
  class space    used 7881K, committed 8128K, reserved 1048576K
}
Event: 6.594 GC heap before
{Heap before GC invocations=18 (full 0):
 garbage-first heap   total 51200K, used 40642K [0x0000000081c00000, 0x0000000100000000)
  region size 1024K, 17 young (17408K), 3 survivors (3072K)
 Metaspace       used 59265K, committed 59840K, reserved 1114112K
  class space    used 8259K, committed 8512K, reserved 1048576K
}
Event: 6.599 GC heap after
{Heap after GC invocations=19 (full 0):
 garbage-first heap   total 51200K, used 27599K [0x0000000081c00000, 0x0000000100000000)
  region size 1024K, 3 young (3072K), 3 survivors (3072K)
 Metaspace       used 59265K, committed 59840K, reserved 1114112K
  class space    used 8259K, committed 8512K, reserved 1048576K
}
Event: 6.606 GC heap before
{Heap before GC invocations=19 (full 0):
 garbage-first heap   total 51200K, used 28623K [0x0000000081c00000, 0x0000000100000000)
  region size 1024K, 4 young (4096K), 3 survivors (3072K)
 Metaspace       used 59276K, committed 59840K, reserved 1114112K
  class space    used 8259K, committed 8512K, reserved 1048576K
}
Event: 6.609 GC heap after
{Heap after GC invocations=20 (full 0):
 garbage-first heap   total 61440K, used 27787K [0x0000000081c00000, 0x0000000100000000)
  region size 1024K, 1 young (1024K), 1 survivors (1024K)
 Metaspace       used 59276K, committed 59840K, reserved 1114112K
  class space    used 8259K, committed 8512K, reserved 1048576K
}
Event: 7.204 GC heap before
{Heap before GC invocations=20 (full 0):
 garbage-first heap   total 61440K, used 49291K [0x0000000081c00000, 0x0000000100000000)
  region size 1024K, 22 young (22528K), 1 survivors (1024K)
 Metaspace       used 62286K, committed 62784K, reserved 1114112K
  class space    used 8662K, committed 8896K, reserved 1048576K
}
Event: 7.211 GC heap after
{Heap after GC invocations=21 (full 0):
 garbage-first heap   total 61440K, used 29476K [0x0000000081c00000, 0x0000000100000000)
  region size 1024K, 3 young (3072K), 3 survivors (3072K)
 Metaspace       used 62286K, committed 62784K, reserved 1114112K
  class space    used 8662K, committed 8896K, reserved 1048576K
}
Event: 12.158 GC heap before
{Heap before GC invocations=21 (full 0):
 garbage-first heap   total 61440K, used 47908K [0x0000000081c00000, 0x0000000100000000)
  region size 1024K, 22 young (22528K), 3 survivors (3072K)
 Metaspace       used 65529K, committed 66112K, reserved 1114112K
  class space    used 9073K, committed 9344K, reserved 1048576K
}
Event: 12.162 GC heap after
{Heap after GC invocations=22 (full 0):
 garbage-first heap   total 61440K, used 31133K [0x0000000081c00000, 0x0000000100000000)
  region size 1024K, 2 young (2048K), 2 survivors (2048K)
 Metaspace       used 65529K, committed 66112K, reserved 1114112K
  class space    used 9073K, committed 9344K, reserved 1048576K
}

